<?xml version="1.0" encoding="UTF-8"?>
<testng-results ignored="0" total="1" passed="1" failed="0" skipped="0">
  <reporter-output>
  </reporter-output>
  <suite started-at="2020-09-12T06:42:37 EDT" name="Surefire suite" finished-at="2020-09-12T06:42:58 EDT" duration-ms="20722">
    <groups>
    </groups>
    <test started-at="2020-09-12T06:42:37 EDT" name="Surefire test" finished-at="2020-09-12T06:42:58 EDT" duration-ms="20722">
      <class name="Testing.NCPL.FontSize">
        <test-method is-config="true" signature="webdriverInitalization()[pri:0, instance:Testing.NCPL.FontSize@351d0846]" started-at="2020-09-12T06:42:37 EDT" name="webdriverInitalization" finished-at="2020-09-12T06:42:50 EDT" duration-ms="12972" status="PASS">
          <reporter-output>
          </reporter-output>
        </test-method> <!-- webdriverInitalization -->
        <test-method signature="fontSizeOfTitles()[pri:1, instance:Testing.NCPL.FontSize@351d0846]" started-at="2020-09-12T06:42:50 EDT" name="fontSizeOfTitles" finished-at="2020-09-12T06:42:55 EDT" duration-ms="4980" status="PASS">
          <reporter-output>
          </reporter-output>
        </test-method> <!-- fontSizeOfTitles -->
        <test-method is-config="true" signature="closeTheDriver()[pri:0, instance:Testing.NCPL.FontSize@351d0846]" started-at="2020-09-12T06:42:55 EDT" name="closeTheDriver" finished-at="2020-09-12T06:42:58 EDT" duration-ms="2732" status="PASS">
          <reporter-output>
          </reporter-output>
        </test-method> <!-- closeTheDriver -->
      </class> <!-- Testing.NCPL.FontSize -->
    </test> <!-- Surefire test -->
  </suite> <!-- Surefire suite -->
</testng-results>
